
Feb 16, 2021 16:07:06.676 NEW SESSION
Feb 16, 2021 16:07:06.676 Opening in existing browser session.

Feb 16, 2021 16:19:21.671 NEW SESSION
Feb 16, 2021 16:19:21.672 Opening in existing browser session.

Feb 17, 2021 11:08:13.239 NEW SESSION
Feb 17, 2021 11:08:13.239 Opening in existing browser session.
Feb 17, 2021 11:31:49.967 Opening in existing browser session.
Feb 17, 2021 13:10:22.405 Opening in existing browser session.
Feb 17, 2021 13:10:22.436 [6304:6304:0217/131022.436718:ERROR:broker_posix.cc(43)] Invalid node channel message
Feb 17, 2021 13:10:22.451 [6296:6296:0100/000000.450939:ERROR:sandbox_linux.cc(374)] InitializeSandbox() called with multiple threads in process gpu-process.
Feb 17, 2021 13:10:22.451 [6296:6296:0100/000000.451314:ERROR:broker_posix.cc(43)] Invalid node channel message

Feb 17, 2021 15:08:36.96 NEW SESSION
Feb 17, 2021 15:08:36.96 Opening in existing browser session.

Mar 08, 2021 10:51:27.200 NEW SESSION
Mar 08, 2021 10:51:27.200 Opening in existing browser session.
Mar 08, 2021 16:51:34.782 Opening in existing browser session.

Mar 09, 2021 19:03:35.499 NEW SESSION
Mar 09, 2021 19:03:35.499 Opening in existing browser session.
Mar 09, 2021 19:33:47.804 Opening in existing browser session.

Mar 11, 2021 11:02:50.108 NEW SESSION
Mar 11, 2021 11:02:50.108 Opening in existing browser session.
Mar 11, 2021 11:41:47.859 Opening in existing browser session.

Mar 12, 2021 11:15:50.758 NEW SESSION
Mar 12, 2021 11:15:50.758 Opening in existing browser session.

Mar 14, 2021 12:29:15.500 NEW SESSION
Mar 14, 2021 12:29:15.501 Opening in existing browser session.
Mar 14, 2021 13:11:52.361 Opening in existing browser session.

Mar 17, 2021 11:01:48.278 NEW SESSION
Mar 17, 2021 11:01:48.279 Opening in existing browser session.

Mar 31, 2021 11:49:55.216 NEW SESSION
Mar 31, 2021 11:49:55.216 Opening in existing browser session.
Mar 31, 2021 15:00:24.683 Opening in existing browser session.
Mar 31, 2021 15:04:55.697 Opening in existing browser session.
Mar 31, 2021 15:08:57.101 Opening in existing browser session.
Mar 31, 2021 15:09:59.597 Opening in existing browser session.
Mar 31, 2021 15:12:12.352 Opening in existing browser session.
Mar 31, 2021 15:18:16.419 Opening in existing browser session.

Apr 02, 2021 16:07:04.891 NEW SESSION
Apr 02, 2021 16:07:04.891 Opening in existing browser session.
Apr 02, 2021 16:08:56.677 Opening in existing browser session.
Apr 02, 2021 16:27:18.252 Opening in existing browser session.
Apr 02, 2021 17:03:45.860 Opening in existing browser session.
Apr 02, 2021 17:27:55.167 Opening in existing browser session.
Apr 02, 2021 17:28:32.930 Opening in existing browser session.
Apr 02, 2021 17:29:20.738 Opening in existing browser session.
Apr 02, 2021 17:30:43.782 Opening in existing browser session.
Apr 02, 2021 17:33:00.360 Opening in existing browser session.
Apr 02, 2021 17:34:38.215 Opening in existing browser session.

Apr 02, 2021 17:36:13.258 NEW SESSION
Apr 02, 2021 17:36:13.258 Opening in existing browser session.
Apr 02, 2021 17:37:38.903 Opening in existing browser session.
Apr 02, 2021 17:42:10.375 Opening in existing browser session.
Apr 02, 2021 17:42:56.821 Opening in existing browser session.
Apr 02, 2021 17:46:19.635 Opening in existing browser session.
Apr 02, 2021 18:01:34.324 Opening in existing browser session.
Apr 02, 2021 18:03:56.272 Opening in existing browser session.
Apr 02, 2021 18:05:44.747 Opening in existing browser session.
Apr 02, 2021 18:07:09.455 Opening in existing browser session.
Apr 02, 2021 18:13:06.437 [19145:19145:0402/181306.437356:ERROR:sandbox_linux.cc(374)] InitializeSandbox() called with multiple threads in process gpu-process.
Apr 02, 2021 18:38:07.279 [19105:19128:0402/183807.279343:ERROR:connection_factory_impl.cc(428)] Failed to connect to MCS endpoint with error -106
Apr 02, 2021 18:38:29.579 [19105:19128:0402/183829.579175:ERROR:connection_factory_impl.cc(428)] Failed to connect to MCS endpoint with error -106

Apr 05, 2021 10:33:13.264 NEW SESSION
Apr 05, 2021 10:33:13.264 Opening in existing browser session.

Apr 05, 2021 11:30:52.325 NEW SESSION
Apr 05, 2021 11:30:52.325 Opening in existing browser session.
Apr 05, 2021 11:32:56.913 Opening in existing browser session.
Apr 05, 2021 11:35:16.858 Opening in existing browser session.
Apr 05, 2021 11:42:35.194 Opening in existing browser session.
Apr 05, 2021 11:48:02.577 Opening in existing browser session.
Apr 05, 2021 12:02:27.539 Opening in existing browser session.
Apr 05, 2021 12:21:18.292 Opening in existing browser session.
Apr 05, 2021 12:38:05.682 Opening in existing browser session.
Apr 05, 2021 12:57:30.226 Opening in existing browser session.
Apr 05, 2021 13:14:56.268 Opening in existing browser session.
Apr 05, 2021 13:17:16.784 Opening in existing browser session.

Apr 06, 2021 10:36:20.871 NEW SESSION
Apr 06, 2021 10:36:20.871 Opening in existing browser session.
Apr 06, 2021 10:55:50.778 Opening in existing browser session.
Apr 06, 2021 11:17:57.576 Opening in existing browser session.

Apr 06, 2021 15:23:01.29 NEW SESSION
Apr 06, 2021 15:23:01.29 Opening in existing browser session.
Apr 06, 2021 15:35:17.113 Opening in existing browser session.
Apr 06, 2021 15:42:20.627 Opening in existing browser session.
Apr 06, 2021 15:44:16.152 Opening in existing browser session.
Apr 06, 2021 15:45:48.476 Opening in existing browser session.
Apr 06, 2021 15:46:31.427 [15952:15952:0406/154631.427307:ERROR:sandbox_linux.cc(374)] InitializeSandbox() called with multiple threads in process gpu-process.

Apr 06, 2021 15:49:11.677 NEW SESSION
Apr 06, 2021 15:49:11.678 Opening in existing browser session.
Apr 06, 2021 15:51:22.685 Opening in existing browser session.
Apr 06, 2021 15:56:26.995 Opening in existing browser session.
Apr 06, 2021 15:57:08.254 [18003:18003:0406/155708.254268:ERROR:sandbox_linux.cc(374)] InitializeSandbox() called with multiple threads in process gpu-process.
Apr 06, 2021 16:24:56.114 [18006:18017:0406/162456.114244:ERROR:ssl_client_socket_impl.cc(960)] handshake failed; returned -1, SSL error code 1, net_error -101
Apr 06, 2021 16:24:56.288 [18006:18017:0406/162456.288590:ERROR:ssl_client_socket_impl.cc(960)] handshake failed; returned -1, SSL error code 1, net_error -101
Apr 06, 2021 16:24:56.384 [18006:18017:0406/162456.383717:ERROR:ssl_client_socket_impl.cc(960)] handshake failed; returned -1, SSL error code 1, net_error -101
Apr 06, 2021 16:24:56.817 [18006:18017:0406/162456.816967:ERROR:ssl_client_socket_impl.cc(960)] handshake failed; returned -1, SSL error code 1, net_error -101
Apr 06, 2021 16:29:12.189 [20100:20100:0406/162912.189601:ERROR:sandbox_linux.cc(374)] InitializeSandbox() called with multiple threads in process gpu-process.
Apr 06, 2021 16:30:18.44 [20465:20465:0406/163018.043975:ERROR:sandbox_linux.cc(374)] InitializeSandbox() called with multiple threads in process gpu-process.

Apr 06, 2021 16:31:31.660 NEW SESSION
Apr 06, 2021 16:31:31.661 [21023:21023:0406/163131.660011:ERROR:sandbox_linux.cc(374)] InitializeSandbox() called with multiple threads in process gpu-process.
Apr 06, 2021 17:09:40.327 Opening in existing browser session.
Apr 06, 2021 17:13:20.452 Opening in existing browser session.
Apr 06, 2021 17:20:19.454 Opening in existing browser session.
Apr 06, 2021 17:21:40.17 Opening in existing browser session.

Apr 06, 2021 17:25:34.559 NEW SESSION
Apr 06, 2021 17:25:34.559 Opening in existing browser session.
Apr 06, 2021 17:26:55.431 Opening in existing browser session.
Apr 06, 2021 17:30:32.54 Opening in existing browser session.
Apr 06, 2021 19:23:30.305 [26714:26714:0406/192330.305264:ERROR:sandbox_linux.cc(374)] InitializeSandbox() called with multiple threads in process gpu-process.
Apr 06, 2021 19:26:02.810 [27158:27158:0406/192602.810756:ERROR:sandbox_linux.cc(374)] InitializeSandbox() called with multiple threads in process gpu-process.
Apr 06, 2021 19:27:18.561 [27602:27602:0406/192718.561183:ERROR:sandbox_linux.cc(374)] InitializeSandbox() called with multiple threads in process gpu-process.
Apr 06, 2021 19:28:33.541 [27563:27585:0406/192833.540962:ERROR:connection_factory_impl.cc(428)] Failed to connect to MCS endpoint with error -106
Apr 06, 2021 19:28:40.751 [27563:27585:0406/192840.750965:ERROR:connection_factory_impl.cc(428)] Failed to connect to MCS endpoint with error -105
Apr 06, 2021 19:33:05.860 [28363:28363:0406/193305.860617:ERROR:sandbox_linux.cc(374)] InitializeSandbox() called with multiple threads in process gpu-process.
Apr 06, 2021 19:59:14.486 Opening in existing browser session.
Apr 06, 2021 20:15:54.164 [28324:28346:0406/201554.164507:ERROR:connection_factory_impl.cc(428)] Failed to connect to MCS endpoint with error -105
Apr 06, 2021 20:16:33.465 [28324:28346:0406/201633.465003:ERROR:connection_factory_impl.cc(428)] Failed to connect to MCS endpoint with error -105
Apr 06, 2021 20:17:00.453 [28324:28346:0406/201700.452839:ERROR:connection_factory_impl.cc(428)] Failed to connect to MCS endpoint with error -106
Apr 06, 2021 20:24:04.820 Opening in existing browser session.
Apr 06, 2021 20:25:54.19 Opening in existing browser session.
Apr 06, 2021 20:25:54.206 Fontconfig error: Cannot load default config file: No such file: (null)
Apr 06, 2021 20:26:25.185 Opening in existing browser session.
Apr 06, 2021 20:26:25.381 Fontconfig error: Cannot load default config file: No such file: (null)
Apr 06, 2021 20:27:19.49 Opening in existing browser session.
Apr 06, 2021 20:30:21.101 Opening in existing browser session.
Apr 06, 2021 20:32:11.952 Opening in existing browser session.

Apr 07, 2021 11:19:38.598 NEW SESSION
Apr 07, 2021 11:19:38.598 Opening in existing browser session.
Apr 07, 2021 12:35:29.771 Opening in existing browser session.

Apr 07, 2021 20:22:12.794 NEW SESSION
Apr 07, 2021 20:22:12.794 [14751:14751:0407/202212.793290:ERROR:sandbox_linux.cc(374)] InitializeSandbox() called with multiple threads in process gpu-process.
Apr 07, 2021 20:24:50.285 [15329:15329:0407/202450.285147:ERROR:sandbox_linux.cc(374)] InitializeSandbox() called with multiple threads in process gpu-process.
Apr 07, 2021 20:27:55.805 [15791:15791:0407/202755.805011:ERROR:sandbox_linux.cc(374)] InitializeSandbox() called with multiple threads in process gpu-process.
Apr 07, 2021 20:35:30.607 [16567:16567:0407/203530.607162:ERROR:sandbox_linux.cc(374)] InitializeSandbox() called with multiple threads in process gpu-process.
Apr 07, 2021 20:35:33.339 [16528:16528:0407/203533.339296:ERROR:data_type_manager_impl.cc(483)] Autofill Wallet datatype error was encountered: Backend failed to download type.

Apr 08, 2021 12:33:23.169 NEW SESSION
Apr 08, 2021 12:33:23.169 Opening in existing browser session.

Apr 08, 2021 15:45:26.165 NEW SESSION
Apr 08, 2021 15:45:26.165 Opening in existing browser session.
Apr 08, 2021 15:48:10.233 Opening in existing browser session.

Apr 08, 2021 15:51:54.844 NEW SESSION
Apr 08, 2021 15:51:54.844 Opening in existing browser session.
Apr 08, 2021 16:00:30.146 Opening in existing browser session.

Apr 08, 2021 16:04:43.312 NEW SESSION
Apr 08, 2021 16:04:43.312 Opening in existing browser session.
Apr 08, 2021 16:07:25.679 Opening in existing browser session.
Apr 08, 2021 17:06:55.912 Opening in existing browser session.

Apr 10, 2021 12:17:21.702 NEW SESSION
Apr 10, 2021 12:17:21.702 Opening in existing browser session.
Apr 10, 2021 12:19:57.622 Opening in existing browser session.
Apr 10, 2021 12:21:25.387 Opening in existing browser session.
Apr 10, 2021 12:22:30.638 Opening in existing browser session.
Apr 10, 2021 12:24:53.86 Opening in existing browser session.
Apr 10, 2021 12:26:10.743 Opening in existing browser session.

Apr 12, 2021 10:28:15.737 NEW SESSION
Apr 12, 2021 10:28:15.737 Opening in existing browser session.
Apr 12, 2021 10:33:44.230 Opening in existing browser session.
Apr 12, 2021 10:37:05.214 Opening in existing browser session.
Apr 12, 2021 11:17:55.764 Opening in existing browser session.
Apr 12, 2021 11:21:25.835 Opening in existing browser session.
Apr 12, 2021 12:02:40.602 Opening in existing browser session.

Apr 12, 2021 12:07:11.676 NEW SESSION
Apr 12, 2021 12:07:11.676 Opening in existing browser session.

Apr 12, 2021 16:40:38.568 NEW SESSION
Apr 12, 2021 16:40:38.568 Opening in existing browser session.
Apr 12, 2021 17:07:17.125 Opening in existing browser session.

Apr 13, 2021 11:44:29.373 NEW SESSION
Apr 13, 2021 11:44:29.373 Opening in existing browser session.
Apr 13, 2021 11:45:39.132 Opening in existing browser session.

Apr 13, 2021 12:09:05.871 NEW SESSION
Apr 13, 2021 12:09:05.871 Opening in existing browser session.
Apr 13, 2021 12:21:12.622 Opening in existing browser session.
Apr 13, 2021 12:25:20.98 Opening in existing browser session.
Apr 13, 2021 12:27:35.688 Opening in existing browser session.
Apr 13, 2021 12:31:47.501 Opening in existing browser session.
Apr 13, 2021 12:33:49.330 Opening in existing browser session.
Apr 13, 2021 12:35:13.956 Opening in existing browser session.
Apr 13, 2021 13:01:13.554 Opening in existing browser session.
Apr 13, 2021 13:05:33.741 Opening in existing browser session.
Apr 13, 2021 13:27:45.480 Opening in existing browser session.
Apr 13, 2021 18:04:39.479 Opening in existing browser session.
Apr 13, 2021 18:06:46.182 Opening in existing browser session.

Apr 14, 2021 12:35:50.995 NEW SESSION
Apr 14, 2021 12:35:50.995 Opening in existing browser session.
Apr 14, 2021 12:44:12.969 Opening in existing browser session.
Apr 14, 2021 12:47:04.738 Opening in existing browser session.
Apr 14, 2021 12:51:03.862 Opening in existing browser session.
Apr 14, 2021 12:52:20.908 Opening in existing browser session.
Apr 14, 2021 13:04:18.956 Opening in existing browser session.

Apr 17, 2021 11:07:13.386 NEW SESSION
Apr 17, 2021 11:07:13.386 [3421:3421:0417/110713.384616:ERROR:sandbox_linux.cc(374)] InitializeSandbox() called with multiple threads in process gpu-process.
Apr 17, 2021 11:11:05.208 [3906:3906:0417/111105.207955:ERROR:sandbox_linux.cc(374)] InitializeSandbox() called with multiple threads in process gpu-process.
Apr 17, 2021 11:11:49.184 [4219:4219:0417/111149.184271:ERROR:sandbox_linux.cc(374)] InitializeSandbox() called with multiple threads in process gpu-process.
Apr 17, 2021 11:12:46.347 Opening in existing browser session.
Apr 17, 2021 11:14:18.420 Fontconfig error: Cannot load default config file: No such file: (null)
Apr 17, 2021 11:14:46.486 Fontconfig error: Cannot load default config file: No such file: (null)
Apr 17, 2021 11:23:50.500 Opening in existing browser session.
Apr 17, 2021 11:26:16.693 Opening in existing browser session.
Apr 17, 2021 11:27:39.536 [4222:4236:0417/112739.536182:ERROR:ssl_client_socket_impl.cc(960)] handshake failed; returned -1, SSL error code 1, net_error -101
Apr 17, 2021 11:27:39.685 [4222:4236:0417/112739.684681:ERROR:ssl_client_socket_impl.cc(960)] handshake failed; returned -1, SSL error code 1, net_error -101
Apr 17, 2021 11:27:39.936 [4222:4236:0417/112739.936202:ERROR:ssl_client_socket_impl.cc(960)] handshake failed; returned -1, SSL error code 1, net_error -101
Apr 17, 2021 11:27:39.962 [4222:4236:0417/112739.962484:ERROR:ssl_client_socket_impl.cc(960)] handshake failed; returned -1, SSL error code 1, net_error -101
Apr 17, 2021 11:27:46.417 [4222:4236:0417/112746.417445:ERROR:ssl_client_socket_impl.cc(960)] handshake failed; returned -1, SSL error code 1, net_error -107
Apr 17, 2021 11:27:46.786 [4222:4236:0417/112746.786172:ERROR:ssl_client_socket_impl.cc(960)] handshake failed; returned -1, SSL error code 1, net_error -107
Apr 17, 2021 11:28:17.309 Fontconfig error: Cannot load default config file: No such file: (null)
Apr 17, 2021 11:29:59.36 [4222:4236:0417/112959.035757:ERROR:ssl_client_socket_impl.cc(960)] handshake failed; returned -1, SSL error code 1, net_error -200
Apr 17, 2021 11:39:57.406 [4222:4236:0417/113957.406668:ERROR:ssl_client_socket_impl.cc(960)] handshake failed; returned -1, SSL error code 1, net_error -101
Apr 17, 2021 11:39:57.681 [4222:4236:0417/113957.681062:ERROR:ssl_client_socket_impl.cc(960)] handshake failed; returned -1, SSL error code 1, net_error -101
Apr 17, 2021 11:40:05.620 [4222:4236:0417/114005.619742:ERROR:ssl_client_socket_impl.cc(960)] handshake failed; returned -1, SSL error code 1, net_error -200
Apr 17, 2021 11:40:05.634 Fontconfig error: Cannot load default config file: No such file: (null)
Apr 17, 2021 11:40:11.781 [4222:4236:0417/114011.781591:ERROR:ssl_client_socket_impl.cc(960)] handshake failed; returned -1, SSL error code 1, net_error -200
Apr 17, 2021 11:40:29.37 [4222:4236:0417/114029.037442:ERROR:ssl_client_socket_impl.cc(960)] handshake failed; returned -1, SSL error code 1, net_error -101
Apr 17, 2021 11:40:29.463 [4222:4236:0417/114029.463344:ERROR:ssl_client_socket_impl.cc(960)] handshake failed; returned -1, SSL error code 1, net_error -101
Apr 17, 2021 11:40:29.708 [4222:4236:0417/114029.708454:ERROR:ssl_client_socket_impl.cc(960)] handshake failed; returned -1, SSL error code 1, net_error -101
Apr 17, 2021 11:40:29.970 [4222:4236:0417/114029.970024:ERROR:ssl_client_socket_impl.cc(960)] handshake failed; returned -1, SSL error code 1, net_error -101
Apr 17, 2021 11:40:29.976 Fontconfig error: Cannot load default config file: No such file: (null)
Apr 17, 2021 11:40:50.478 [4222:4236:0417/114050.478445:ERROR:ssl_client_socket_impl.cc(960)] handshake failed; returned -1, SSL error code 1, net_error -200
Apr 17, 2021 11:40:50.480 Fontconfig error: Cannot load default config file: No such file: (null)
Apr 17, 2021 11:43:28.345 [4222:4236:0417/114328.345543:ERROR:ssl_client_socket_impl.cc(960)] handshake failed; returned -1, SSL error code 1, net_error -101
Apr 17, 2021 12:04:06.649 Opening in existing browser session.
Apr 17, 2021 12:29:56.698 Opening in existing browser session.
Apr 17, 2021 12:32:21.70 Opening in existing browser session.

Apr 17, 2021 15:57:12.773 NEW SESSION
Apr 17, 2021 15:57:12.773 [15535:15535:0417/155712.772662:ERROR:sandbox_linux.cc(374)] InitializeSandbox() called with multiple threads in process gpu-process.

Apr 17, 2021 16:01:30.574 NEW SESSION
Apr 17, 2021 16:01:30.574 [16265:16265:0417/160130.573779:ERROR:sandbox_linux.cc(374)] InitializeSandbox() called with multiple threads in process gpu-process.
Apr 17, 2021 16:03:28.24 [16730:16730:0417/160328.023988:ERROR:sandbox_linux.cc(374)] InitializeSandbox() called with multiple threads in process gpu-process.
Apr 17, 2021 16:07:52.806 Opening in existing browser session.
Apr 17, 2021 16:38:03.819 [16691:16713:0417/163803.819141:ERROR:connection_factory_impl.cc(428)] Failed to connect to MCS endpoint with error -106
Apr 17, 2021 16:39:02.882 [16732:16744:0417/163902.882315:ERROR:ssl_client_socket_impl.cc(960)] handshake failed; returned -1, SSL error code 1, net_error -101
Apr 17, 2021 16:39:03.47 [16732:16744:0417/163903.047016:ERROR:ssl_client_socket_impl.cc(960)] handshake failed; returned -1, SSL error code 1, net_error -101
Apr 17, 2021 16:39:03.238 [16732:16744:0417/163903.238211:ERROR:ssl_client_socket_impl.cc(960)] handshake failed; returned -1, SSL error code 1, net_error -101
Apr 17, 2021 16:39:03.386 [16732:16744:0417/163903.385684:ERROR:ssl_client_socket_impl.cc(960)] handshake failed; returned -1, SSL error code 1, net_error -101
Apr 17, 2021 16:41:21.626 [16732:16744:0417/164121.626484:ERROR:ssl_client_socket_impl.cc(960)] handshake failed; returned -1, SSL error code 1, net_error -200
Apr 17, 2021 16:41:21.634 Fontconfig error: Cannot load default config file: No such file: (null)
Apr 17, 2021 16:41:23.522 [16732:16744:0417/164123.522432:ERROR:ssl_client_socket_impl.cc(960)] handshake failed; returned -1, SSL error code 1, net_error -200
Apr 17, 2021 16:42:58.776 Opening in existing browser session.
Apr 17, 2021 16:43:54.271 Gtk-Message: 16:43:54.271: GtkDialog mapped without a transient parent. This is discouraged.
Apr 17, 2021 16:48:08.613 [16691:18053:0417/164808.612787:ERROR:get_updates_processor.cc(256)] PostClientToServerMessage() failed during GetUpdates with error 2
Apr 17, 2021 18:59:54.829 [16691:16713:0417/185954.828898:ERROR:connection_factory_impl.cc(428)] Failed to connect to MCS endpoint with error -106
Apr 17, 2021 19:02:10.296 [20063:21:0417/190210.296612:ERROR:webrtc_video_engine.cc(3308)] Absent receive stream; ignoring clearing encoded frame sink for ssrc 0
Apr 17, 2021 19:02:45.107 [20063:21:0417/190245.107127:ERROR:webrtc_video_engine.cc(3308)] Absent receive stream; ignoring clearing encoded frame sink for ssrc 0
Apr 17, 2021 19:03:28.567 [20063:21:0417/190328.566779:ERROR:webrtc_video_engine.cc(3308)] Absent receive stream; ignoring clearing encoded frame sink for ssrc 0
Apr 17, 2021 19:06:16.36 [16691:16713:0417/190616.036510:ERROR:connection_factory_impl.cc(428)] Failed to connect to MCS endpoint with error -105
Apr 17, 2021 19:06:43.732 Opening in existing browser session.
Apr 17, 2021 19:10:11.887 Opening in existing browser session.
Apr 17, 2021 19:11:32.876 Opening in existing browser session.
Apr 17, 2021 19:11:48.475 [20063:21:0417/191148.475144:ERROR:webrtc_video_engine.cc(3308)] Absent receive stream; ignoring clearing encoded frame sink for ssrc 0
Apr 17, 2021 19:11:48.475 [20063:21:0417/191148.475225:ERROR:webrtc_video_engine.cc(3308)] Absent receive stream; ignoring clearing encoded frame sink for ssrc 0
Apr 17, 2021 19:11:48.475 [20063:21:0417/191148.475265:ERROR:webrtc_video_engine.cc(3308)] Absent receive stream; ignoring clearing encoded frame sink for ssrc 0
Apr 17, 2021 19:11:48.475 [20063:21:0417/191148.475300:ERROR:webrtc_video_engine.cc(3308)] Absent receive stream; ignoring clearing encoded frame sink for ssrc 0
Apr 17, 2021 19:13:00.635 [20063:21:0417/191300.635812:ERROR:webrtc_video_engine.cc(3308)] Absent receive stream; ignoring clearing encoded frame sink for ssrc 0
Apr 17, 2021 19:13:08.928 [20063:21:0417/191308.928614:ERROR:webrtc_video_engine.cc(3308)] Absent receive stream; ignoring clearing encoded frame sink for ssrc 0
Apr 17, 2021 19:13:08.929 [20063:21:0417/191308.928759:ERROR:webrtc_video_engine.cc(3308)] Absent receive stream; ignoring clearing encoded frame sink for ssrc 0
Apr 17, 2021 19:13:08.929 [20063:21:0417/191308.928805:ERROR:webrtc_video_engine.cc(3308)] Absent receive stream; ignoring clearing encoded frame sink for ssrc 0
Apr 17, 2021 19:16:22.854 [21007:20:0417/191622.853761:ERROR:call.cc(1356)] receive_rtp_config_ lookup failed for ssrc 3745049781
Apr 17, 2021 19:16:22.864 [21007:20:0417/191622.864462:ERROR:call.cc(1356)] receive_rtp_config_ lookup failed for ssrc 3745049781
Apr 17, 2021 19:16:23.183 [21007:20:0417/191623.182899:ERROR:webrtc_video_engine.cc(3308)] Absent receive stream; ignoring clearing encoded frame sink for ssrc 0
Apr 17, 2021 19:16:23.183 [21007:20:0417/191623.182964:ERROR:webrtc_video_engine.cc(3308)] Absent receive stream; ignoring clearing encoded frame sink for ssrc 0
Apr 17, 2021 19:16:34.441 [21007:20:0417/191634.441157:ERROR:webrtc_video_engine.cc(3308)] Absent receive stream; ignoring clearing encoded frame sink for ssrc 0
Apr 17, 2021 19:16:34.441 [21007:20:0417/191634.441252:ERROR:webrtc_video_engine.cc(3308)] Absent receive stream; ignoring clearing encoded frame sink for ssrc 0
Apr 17, 2021 19:16:34.441 [21007:20:0417/191634.441313:ERROR:webrtc_video_engine.cc(3308)] Absent receive stream; ignoring clearing encoded frame sink for ssrc 0
Apr 17, 2021 19:16:41.218 Opening in existing browser session.
Apr 17, 2021 19:25:53.307 [21757:21757:0417/192553.307491:ERROR:sandbox_linux.cc(374)] InitializeSandbox() called with multiple threads in process gpu-process.

Apr 19, 2021 12:24:42.330 NEW SESSION
Apr 19, 2021 12:24:42.330 Opening in existing browser session.
Apr 19, 2021 12:36:14.230 Opening in existing browser session.
Apr 19, 2021 12:40:28.596 Opening in existing browser session.
Apr 19, 2021 12:42:38.917 Opening in existing browser session.
Apr 19, 2021 12:48:50.651 Opening in existing browser session.
Apr 19, 2021 12:56:11.939 Opening in existing browser session.
Apr 19, 2021 13:00:31.195 Opening in existing browser session.
Apr 19, 2021 13:02:02.562 Opening in existing browser session.

Apr 19, 2021 13:08:39.47 NEW SESSION
Apr 19, 2021 13:08:39.47 Opening in existing browser session.
Apr 19, 2021 13:11:26.370 Opening in existing browser session.

Apr 20, 2021 12:32:59.328 NEW SESSION
Apr 20, 2021 12:32:59.328 Opening in existing browser session.
Apr 20, 2021 12:33:55.438 Opening in existing browser session.

Apr 22, 2021 11:15:42.92 NEW SESSION
Apr 22, 2021 11:15:42.92 Opening in existing browser session.
Apr 22, 2021 11:55:46.373 Opening in existing browser session.
Apr 22, 2021 12:35:03.855 Opening in existing browser session.
Apr 22, 2021 12:36:26.469 Opening in existing browser session.
Apr 22, 2021 12:41:34.465 Opening in existing browser session.
Apr 22, 2021 12:43:10.838 Opening in existing browser session.
Apr 22, 2021 12:59:07.628 Opening in existing browser session.
Apr 22, 2021 15:57:24.233 Opening in existing browser session.
Apr 22, 2021 16:48:04.919 Opening in existing browser session.
Apr 22, 2021 17:19:50.477 Opening in existing browser session.

Apr 25, 2021 11:48:10.843 NEW SESSION
Apr 25, 2021 11:48:10.843 Opening in existing browser session.

Apr 25, 2021 16:22:29.613 NEW SESSION
Apr 25, 2021 16:22:29.613 Opening in existing browser session.
Apr 25, 2021 16:42:12.567 Opening in existing browser session.
Apr 25, 2021 16:45:25.216 Opening in existing browser session.

Apr 29, 2021 13:00:09.608 NEW SESSION
Apr 29, 2021 13:00:09.608 Opening in existing browser session.

May 12, 2021 12:03:23.537 NEW SESSION
May 12, 2021 12:03:23.538 Opening in existing browser session.

Jun 16, 2021 10:35:57.179 NEW SESSION
Jun 16, 2021 10:35:57.179 Opening in existing browser session.

Sep 23, 2021 11:32:01.298 NEW SESSION
Sep 23, 2021 11:32:01.298 Opening in existing browser session.
Sep 23, 2021 11:32:01.347 [12672:12672:0100/000000.346983:ERROR:sandbox_linux.cc(374)] InitializeSandbox() called with multiple threads in process gpu-process.

Mar 26, 2022 11:03:55.734 NEW SESSION
Mar 26, 2022 11:03:55.734 [5284:5284:0326/110355.733048:ERROR:sandbox_linux.cc(374)] InitializeSandbox() called with multiple threads in process gpu-process.
Mar 26, 2022 11:03:58.124 [5238:5312:0326/110358.123866:ERROR:chrome_browser_main_extra_parts_metrics.cc(228)] crbug.com/1216328: Checking Bluetooth availability started. Please report if there is no report that this ends.
Mar 26, 2022 11:03:58.124 [5238:5312:0326/110358.123897:ERROR:chrome_browser_main_extra_parts_metrics.cc(231)] crbug.com/1216328: Checking Bluetooth availability ended.
Mar 26, 2022 11:03:58.124 [5238:5312:0326/110358.123904:ERROR:chrome_browser_main_extra_parts_metrics.cc(234)] crbug.com/1216328: Checking default browser status started. Please report if there is no report that this ends.
Mar 26, 2022 11:03:58.168 [5238:5312:0326/110358.167927:ERROR:chrome_browser_main_extra_parts_metrics.cc(238)] crbug.com/1216328: Checking default browser status ended.
Mar 26, 2022 11:52:30.873 [5238:5270:0326/115230.873388:ERROR:connection_factory_impl.cc(429)] Failed to connect to MCS endpoint with error -106
Mar 26, 2022 12:41:52.50 [5238:5270:0326/124152.049932:ERROR:connection_factory_impl.cc(429)] Failed to connect to MCS endpoint with error -106
Mar 26, 2022 12:42:17.266 [5238:5270:0326/124217.266239:ERROR:connection_factory_impl.cc(429)] Failed to connect to MCS endpoint with error -105
Mar 26, 2022 13:26:55.774 [5238:5270:0326/132655.774272:ERROR:connection_factory_impl.cc(429)] Failed to connect to MCS endpoint with error -106
Mar 26, 2022 13:27:21.590 [5238:5270:0326/132721.589801:ERROR:connection_factory_impl.cc(429)] Failed to connect to MCS endpoint with error -105
Mar 26, 2022 18:55:24.848 [5238:5270:0326/185524.848553:ERROR:connection_factory_impl.cc(429)] Failed to connect to MCS endpoint with error -106
Mar 26, 2022 18:55:30.724 [5238:5270:0326/185530.724260:ERROR:connection_factory_impl.cc(429)] Failed to connect to MCS endpoint with error -105
Mar 26, 2022 18:55:44.228 [5284:5284:0326/185544.227939:ERROR:shared_image_manager.cc(214)] SharedImageManager::ProduceSkia: Trying to Produce a Skia representation from a non-existent mailbox.
Mar 26, 2022 19:26:24.852 [5238:5270:0326/192624.846107:ERROR:connection_factory_impl.cc(429)] Failed to connect to MCS endpoint with error -106

Jun 15, 2022 21:20:22.640 NEW SESSION
Jun 15, 2022 21:20:22.640 Opening in existing browser session.

Sep 15, 2022 22:49:25.560 NEW SESSION
Sep 15, 2022 22:49:25.560 Opening in existing browser session.
